current directory: /Users/alexiankim/project_1/path/ruby/2.0.0/gems/therubyracer-0.12.2/ext/v8
/System/Library/Frameworks/Ruby.framework/Versions/2.0/usr/bin/ruby -r ./siteconf20160623-13603-1ox1lu.rb extconf.rb
checking for main() in -lpthread... yes
checking for main() in -lobjc... yes
creating Makefile

To see why this extension failed to compile, please check the mkmf.log which can be found here:

  /Users/alexiankim/project_1/path/ruby/2.0.0/extensions/universal-darwin-15/2.0.0/therubyracer-0.12.2/mkmf.log

current directory: /Users/alexiankim/project_1/path/ruby/2.0.0/gems/therubyracer-0.12.2/ext/v8
make "DESTDIR=" clean

current directory: /Users/alexiankim/project_1/path/ruby/2.0.0/gems/therubyracer-0.12.2/ext/v8
make "DESTDIR="
compiling accessor.cc
clang: warning: argument unused during compilation: '-rdynamic'
compiling array.cc
clang: warning: argument unused during compilation: '-rdynamic'
compiling backref.cc
clang: warning: argument unused during compilation: '-rdynamic'
compiling constants.cc
clang: warning: argument unused during compilation: '-rdynamic'
compiling constraints.cc
clang: warning: argument unused during compilation: '-rdynamic'
compiling context.cc
clang: warning: argument unused during compilation: '-rdynamic'
compiling date.cc
clang: warning: argument unused during compilation: '-rdynamic'
compiling exception.cc
clang: warning: argument unused during compilation: '-rdynamic'
compiling external.cc
clang: warning: argument unused during compilation: '-rdynamic'
compiling function.cc
clang: warning: argument unused during compilation: '-rdynamic'
compiling gc.cc
clang: warning: argument unused during compilation: '-rdynamic'
compiling handles.cc
clang: warning: argument unused during compilation: '-rdynamic'
compiling heap.cc
clang: warning: argument unused during compilation: '-rdynamic'
compiling init.cc
clang: warning: argument unused during compilation: '-rdynamic'
init.cc:11:20: warning: empty parentheses interpreted as a function declaration [-Wvexing-parse]
    v8::Locker lock();
                   ^~
init.cc:11:20: note: remove parentheses to declare a variable
    v8::Locker lock();
                   ^~
init.cc:11:16: warning: 'lock' has C-linkage specified, but returns user-defined type 'v8::Locker' which is incompatible with C [-Wreturn-type-c-linkage]
    v8::Locker lock();
               ^
2 warnings generated.
init.cc:11:20: warning: empty parentheses interpreted as a function declaration [-Wvexing-parse]
    v8::Locker lock();
                   ^~
init.cc:11:20: note: remove parentheses to declare a variable
    v8::Locker lock();
                   ^~
init.cc:11:16: warning: 'lock' has C-linkage specified, but returns user-defined type 'v8::Locker' which is incompatible with C [-Wreturn-type-c-linkage]
    v8::Locker lock();
               ^
2 warnings generated.
compiling invocation.cc
clang: warning: argument unused during compilation: '-rdynamic'
compiling locker.cc
clang: warning: argument unused during compilation: '-rdynamic'
compiling message.cc
clang: warning: argument unused during compilation: '-rdynamic'
compiling object.cc
clang: warning: argument unused during compilation: '-rdynamic'
compiling primitive.cc
clang: warning: argument unused during compilation: '-rdynamic'
compiling rr.cc
clang: warning: argument unused during compilation: '-rdynamic'
compiling script.cc
clang: warning: argument unused during compilation: '-rdynamic'
compiling signature.cc
clang: warning: argument unused during compilation: '-rdynamic'
compiling stack.cc
clang: warning: argument unused during compilation: '-rdynamic'
compiling string.cc
clang: warning: argument unused during compilation: '-rdynamic'
compiling template.cc
clang: warning: argument unused during compilation: '-rdynamic'
compiling trycatch.cc
clang: warning: argument unused during compilation: '-rdynamic'
compiling v8.cc
clang: warning: argument unused during compilation: '-rdynamic'
compiling value.cc
clang: warning: argument unused during compilation: '-rdynamic'
linking shared-object v8/init.bundle
ld: warning: ld: warning: ignoring file /Users/alexiankim/project_1/path/ruby/2.0.0/gems/libv8-3.16.14.15-x86_64-darwin-15/vendor/v8/out/x64.release/libv8_snapshot.a, file was built for archive which is not the architecture being linked (i386): /Users/alexiankim/project_1/path/ruby/2.0.0/gems/libv8-3.16.14.15-x86_64-darwin-15/vendor/v8/out/x64.release/libv8_snapshot.aignoring file /Users/alexiankim/project_1/path/ruby/2.0.0/gems/libv8-3.16.14.15-x86_64-darwin-15/vendor/v8/out/x64.release/libv8_base.a, file was built for archive which is not the architecture being linked (i386): /Users/alexiankim/project_1/path/ruby/2.0.0/gems/libv8-3.16.14.15-x86_64-darwin-15/vendor/v8/out/x64.release/libv8_base.a


current directory: /Users/alexiankim/project_1/path/ruby/2.0.0/gems/therubyracer-0.12.2/ext/v8
make "DESTDIR=" install
/usr/bin/install -c -m 0755 init.bundle ./.gem.20160623-13603-1b1cajb/v8
installing default init libraries
